<?xml version="1.0" encoding="UTF-8"?>
<testng-results ignored="0" total="4" passed="4" failed="0" skipped="0">
  <reporter-output>
  </reporter-output>
  <suite started-at="2024-06-28T18:34:26 EDT" name="PetSuite" finished-at="2024-06-28T18:34:31 EDT" duration-ms="4244">
    <groups>
    </groups>
    <test started-at="2024-06-28T18:34:26 EDT" name="PetTest" finished-at="2024-06-28T18:34:31 EDT" duration-ms="4244">
      <class name="api.test.UserTests2">
        <test-method is-config="true" signature="setup()[pri:0, instance:api.test.UserTests2@d35dea7]" started-at="2024-06-28T18:34:27 EDT" name="setup" finished-at="2024-06-28T18:34:28 EDT" duration-ms="950" status="PASS">
          <reporter-output>
          </reporter-output>
        </test-method> <!-- setup -->
        <test-method signature="TestPostUser()[pri:1, instance:api.test.UserTests2@d35dea7]" started-at="2024-06-28T18:34:28 EDT" name="TestPostUser" finished-at="2024-06-28T18:34:30 EDT" duration-ms="2297" status="PASS">
          <reporter-output>
          </reporter-output>
        </test-method> <!-- TestPostUser -->
        <test-method signature="testGetUserByName()[pri:2, instance:api.test.UserTests2@d35dea7]" started-at="2024-06-28T18:34:30 EDT" name="testGetUserByName" finished-at="2024-06-28T18:34:30 EDT" duration-ms="194" status="PASS">
          <reporter-output>
          </reporter-output>
        </test-method> <!-- testGetUserByName -->
        <test-method signature="TestUpdateUserByName()[pri:3, instance:api.test.UserTests2@d35dea7]" started-at="2024-06-28T18:34:30 EDT" name="TestUpdateUserByName" finished-at="2024-06-28T18:34:31 EDT" duration-ms="350" status="PASS">
          <reporter-output>
          </reporter-output>
        </test-method> <!-- TestUpdateUserByName -->
        <test-method signature="testDeleteUserByName()[pri:4, instance:api.test.UserTests2@d35dea7]" started-at="2024-06-28T18:34:31 EDT" name="testDeleteUserByName" finished-at="2024-06-28T18:34:31 EDT" duration-ms="149" status="PASS">
          <reporter-output>
          </reporter-output>
        </test-method> <!-- testDeleteUserByName -->
      </class> <!-- api.test.UserTests2 -->
    </test> <!-- PetTest -->
  </suite> <!-- PetSuite -->
</testng-results>
