<?xml version="1.0" encoding="UTF-8"?>
<!-- Generated by org.testng.reporters.JUnitXMLReporter -->
<testsuite ignored="0" hostname="DESKTOP-NFJPRDI" failures="0" tests="4" name="PetTest" time="4.244" errors="0" timestamp="2024-06-28T18:34:31 EDT">
  <testcase classname="api.test.UserTests2" name="TestPostUser" time="2.297"/>
  <testcase classname="api.test.UserTests2" name="testGetUserByName" time="0.194"/>
  <testcase classname="api.test.UserTests2" name="TestUpdateUserByName" time="0.35"/>
  <testcase classname="api.test.UserTests2" name="testDeleteUserByName" time="0.149"/>
</testsuite> <!-- PetTest -->
