<?xml version="1.0" encoding="UTF-8"?>
<!-- Generated by org.testng.reporters.JUnitXMLReporter -->
<testsuite ignored="0" hostname="DESKTOP-NFJPRDI" failures="1" tests="4" name="PetTest" time="3.101" errors="0" timestamp="2024-06-28T15:19:38 EDT">
  <testcase classname="api.test.UserTests2" name="TestPostUser" time="1.793"/>
  <testcase classname="api.test.UserTests2" name="testGetUserByName" time="0.214"/>
  <testcase classname="api.test.UserTests2" name="TestUpdateUserByName" time="0.002">
    <failure type="java.util.MissingResourceException" message="Can&amp;apos;t find resource for bundle java.util.PropertyResourceBundle, key update_url">
      <![CDATA[java.util.MissingResourceException: Can't find resource for bundle java.util.PropertyResourceBundle, key update_url
at java.base/java.util.ResourceBundle.getObject(ResourceBundle.java:564)
at java.base/java.util.ResourceBundle.getString(ResourceBundle.java:521)
at api.endpoints.UserEndPoints2.updateUser(UserEndPoints2.java:60)
at api.test.UserTests2.TestUpdateUserByName(UserTests2.java:75)
at java.base/java.util.ArrayList.forEach(ArrayList.java:1511)
... Removed 27 stack frames]]>
    </failure>
  </testcase> <!-- TestUpdateUserByName -->
  <testcase classname="api.test.UserTests2" name="testDeleteUserByName" time="0.156"/>
</testsuite> <!-- PetTest -->
